0 info it worked if it ends with ok
1 verbose cli [ 'node',
1 verbose cli   '/usr/local/bin/npm',
1 verbose cli   'install',
1 verbose cli   'grunt-contrib-csslin',
1 verbose cli   '--save-dev' ]
2 info using npm@1.4.28
3 info using node@v0.10.32
4 warn package.json ghostStarter@1.0.0 No repository field.
5 warn package.json ghostStarter@1.0.0 No README data
6 verbose readDependencies using package.json deps
7 verbose cache add [ 'grunt-contrib-csslin', null ]
8 verbose cache add name=undefined spec="grunt-contrib-csslin" args=["grunt-contrib-csslin",null]
9 verbose parsed url { protocol: null,
9 verbose parsed url   slashes: null,
9 verbose parsed url   auth: null,
9 verbose parsed url   host: null,
9 verbose parsed url   port: null,
9 verbose parsed url   hostname: null,
9 verbose parsed url   hash: null,
9 verbose parsed url   search: null,
9 verbose parsed url   query: null,
9 verbose parsed url   pathname: 'grunt-contrib-csslin',
9 verbose parsed url   path: 'grunt-contrib-csslin',
9 verbose parsed url   href: 'grunt-contrib-csslin' }
10 silly lockFile b88b83c7-grunt-contrib-csslin grunt-contrib-csslin
11 verbose lock grunt-contrib-csslin /Users/muffles/.npm/b88b83c7-grunt-contrib-csslin.lock
12 silly lockFile b88b83c7-grunt-contrib-csslin grunt-contrib-csslin
13 silly lockFile b88b83c7-grunt-contrib-csslin grunt-contrib-csslin
14 verbose addNamed [ 'grunt-contrib-csslin', '' ]
15 verbose addNamed [ null, '*' ]
16 silly lockFile 79d0effe-grunt-contrib-csslin grunt-contrib-csslin@
17 verbose lock grunt-contrib-csslin@ /Users/muffles/.npm/79d0effe-grunt-contrib-csslin.lock
18 silly addNameRange { name: 'grunt-contrib-csslin', range: '*', hasData: false }
19 verbose request where is /grunt-contrib-csslin
20 verbose request registry https://registry.npmjs.org/
21 verbose request id 322f634df4373ce7
22 verbose url raw /grunt-contrib-csslin
23 verbose url resolving [ 'https://registry.npmjs.org/', './grunt-contrib-csslin' ]
24 verbose url resolved https://registry.npmjs.org/grunt-contrib-csslin
25 verbose request where is https://registry.npmjs.org/grunt-contrib-csslin
26 info trying registry request attempt 1 at 12:55:42
27 http GET https://registry.npmjs.org/grunt-contrib-csslin
28 http 404 https://registry.npmjs.org/grunt-contrib-csslin
29 verbose headers { server: 'CouchDB/1.5.0 (Erlang OTP/R16B03)',
29 verbose headers   'content-type': 'application/json',
29 verbose headers   'cache-control': 'max-age=0',
29 verbose headers   'content-length': '51',
29 verbose headers   'accept-ranges': 'bytes',
29 verbose headers   date: 'Sun, 28 Jun 2015 11:55:40 GMT',
29 verbose headers   via: '1.1 varnish',
29 verbose headers   age: '0',
29 verbose headers   connection: 'keep-alive',
29 verbose headers   'x-served-by': 'cache-lcy1122-LCY',
29 verbose headers   'x-cache': 'MISS',
29 verbose headers   'x-cache-hits': '0',
29 verbose headers   'x-timer': 'S1435492540.767550,VS0,VE102' }
30 silly registry.get cb [ 404,
30 silly registry.get   { server: 'CouchDB/1.5.0 (Erlang OTP/R16B03)',
30 silly registry.get     'content-type': 'application/json',
30 silly registry.get     'cache-control': 'max-age=0',
30 silly registry.get     'content-length': '51',
30 silly registry.get     'accept-ranges': 'bytes',
30 silly registry.get     date: 'Sun, 28 Jun 2015 11:55:40 GMT',
30 silly registry.get     via: '1.1 varnish',
30 silly registry.get     age: '0',
30 silly registry.get     connection: 'keep-alive',
30 silly registry.get     'x-served-by': 'cache-lcy1122-LCY',
30 silly registry.get     'x-cache': 'MISS',
30 silly registry.get     'x-cache-hits': '0',
30 silly registry.get     'x-timer': 'S1435492540.767550,VS0,VE102' } ]
31 silly lockFile 79d0effe-grunt-contrib-csslin grunt-contrib-csslin@
32 silly lockFile 79d0effe-grunt-contrib-csslin grunt-contrib-csslin@
33 error 404 404 Not Found: grunt-contrib-csslin
33 error 404
33 error 404 'grunt-contrib-csslin' is not in the npm registry.
33 error 404 You should bug the author to publish it
33 error 404 It was specified as a dependency of 'ghostStarter'
33 error 404
33 error 404 Note that you can also install from a
33 error 404 tarball, folder, or http url, or git url.
34 error System Darwin 14.3.0
35 error command "node" "/usr/local/bin/npm" "install" "grunt-contrib-csslin" "--save-dev"
36 error cwd /Users/muffles/Projetos/Donderlab/Playground/ghost/content/themes/molefas
37 error node -v v0.10.32
38 error npm -v 1.4.28
39 error code E404
40 verbose exit [ 1, true ]
